2024-02-07 10:14:19,196:WARNING:
'cuml' is a soft dependency and not included in the pycaret installation. Please run: `pip install cuml` to install.
2024-02-07 10:14:19,196:WARNING:
'cuml' is a soft dependency and not included in the pycaret installation. Please run: `pip install cuml` to install.
2024-02-07 10:14:19,196:WARNING:
'cuml' is a soft dependency and not included in the pycaret installation. Please run: `pip install cuml` to install.
2024-02-07 10:14:19,196:WARNING:
'cuml' is a soft dependency and not included in the pycaret installation. Please run: `pip install cuml` to install.
2024-02-07 10:24:20,038:WARNING:
'cuml' is a soft dependency and not included in the pycaret installation. Please run: `pip install cuml` to install.
2024-02-07 10:24:20,038:WARNING:
'cuml' is a soft dependency and not included in the pycaret installation. Please run: `pip install cuml` to install.
2024-02-07 10:24:20,038:WARNING:
'cuml' is a soft dependency and not included in the pycaret installation. Please run: `pip install cuml` to install.
2024-02-07 10:24:20,038:WARNING:
'cuml' is a soft dependency and not included in the pycaret installation. Please run: `pip install cuml` to install.
2024-02-07 10:24:34,321:WARNING:
'cuml' is a soft dependency and not included in the pycaret installation. Please run: `pip install cuml` to install.
2024-02-07 10:24:34,321:WARNING:
'cuml' is a soft dependency and not included in the pycaret installation. Please run: `pip install cuml` to install.
2024-02-07 10:24:34,321:WARNING:
'cuml' is a soft dependency and not included in the pycaret installation. Please run: `pip install cuml` to install.
2024-02-07 10:24:34,321:WARNING:
'cuml' is a soft dependency and not included in the pycaret installation. Please run: `pip install cuml` to install.
2024-02-07 10:24:44,172:WARNING:
'cuml' is a soft dependency and not included in the pycaret installation. Please run: `pip install cuml` to install.
2024-02-07 10:24:44,172:WARNING:
'cuml' is a soft dependency and not included in the pycaret installation. Please run: `pip install cuml` to install.
2024-02-07 10:24:44,172:WARNING:
'cuml' is a soft dependency and not included in the pycaret installation. Please run: `pip install cuml` to install.
2024-02-07 10:24:44,172:WARNING:
'cuml' is a soft dependency and not included in the pycaret installation. Please run: `pip install cuml` to install.
2024-02-07 10:25:00,211:WARNING:
'cuml' is a soft dependency and not included in the pycaret installation. Please run: `pip install cuml` to install.
2024-02-07 10:25:00,212:WARNING:
'cuml' is a soft dependency and not included in the pycaret installation. Please run: `pip install cuml` to install.
2024-02-07 10:25:00,212:WARNING:
'cuml' is a soft dependency and not included in the pycaret installation. Please run: `pip install cuml` to install.
2024-02-07 10:25:00,212:WARNING:
'cuml' is a soft dependency and not included in the pycaret installation. Please run: `pip install cuml` to install.
2024-02-07 10:25:13,240:WARNING:
'cuml' is a soft dependency and not included in the pycaret installation. Please run: `pip install cuml` to install.
2024-02-07 10:25:13,241:WARNING:
'cuml' is a soft dependency and not included in the pycaret installation. Please run: `pip install cuml` to install.
2024-02-07 10:25:13,241:WARNING:
'cuml' is a soft dependency and not included in the pycaret installation. Please run: `pip install cuml` to install.
2024-02-07 10:25:13,241:WARNING:
'cuml' is a soft dependency and not included in the pycaret installation. Please run: `pip install cuml` to install.
2024-02-07 10:25:20,981:WARNING:
'cuml' is a soft dependency and not included in the pycaret installation. Please run: `pip install cuml` to install.
2024-02-07 10:25:20,981:WARNING:
'cuml' is a soft dependency and not included in the pycaret installation. Please run: `pip install cuml` to install.
2024-02-07 10:25:20,981:WARNING:
'cuml' is a soft dependency and not included in the pycaret installation. Please run: `pip install cuml` to install.
2024-02-07 10:25:20,981:WARNING:
'cuml' is a soft dependency and not included in the pycaret installation. Please run: `pip install cuml` to install.
2024-02-07 19:26:52,722:WARNING:
'cuml' is a soft dependency and not included in the pycaret installation. Please run: `pip install cuml` to install.
2024-02-07 19:26:52,722:WARNING:
'cuml' is a soft dependency and not included in the pycaret installation. Please run: `pip install cuml` to install.
2024-02-07 19:26:52,722:WARNING:
'cuml' is a soft dependency and not included in the pycaret installation. Please run: `pip install cuml` to install.
2024-02-07 19:26:52,722:WARNING:
'cuml' is a soft dependency and not included in the pycaret installation. Please run: `pip install cuml` to install.
2024-02-07 19:26:54,098:WARNING:
'cuml' is a soft dependency and not included in the pycaret installation. Please run: `pip install cuml` to install.
2024-02-07 19:26:54,098:WARNING:
'cuml' is a soft dependency and not included in the pycaret installation. Please run: `pip install cuml` to install.
2024-02-07 19:26:54,098:WARNING:
'cuml' is a soft dependency and not included in the pycaret installation. Please run: `pip install cuml` to install.
2024-02-07 19:26:54,098:WARNING:
'cuml' is a soft dependency and not included in the pycaret installation. Please run: `pip install cuml` to install.
2024-02-07 19:27:04,472:INFO:PyCaret RegressionExperiment
2024-02-07 19:27:04,472:INFO:Logging name: reg-default-name
2024-02-07 19:27:04,472:INFO:ML Usecase: MLUsecase.REGRESSION
2024-02-07 19:27:04,472:INFO:version 3.2.0
2024-02-07 19:27:04,472:INFO:Initializing setup()
2024-02-07 19:27:04,472:INFO:self.USI: 1fc8
2024-02-07 19:27:04,472:INFO:self._variable_keys: {'gpu_n_jobs_param', 'X_test', 'idx', 'y_train', '_ml_usecase', 'seed', 'fold_generator', 'X', 'target_param', 'n_jobs_param', 'pipeline', 'X_train', 'log_plots_param', 'exp_name_log', 'data', 'USI', 'memory', 'transform_target_param', 'logging_param', 'gpu_param', 'exp_id', '_available_plots', 'fold_groups_param', 'fold_shuffle_param', 'y', 'html_param', 'y_test'}
2024-02-07 19:27:04,472:INFO:Checking environment
2024-02-07 19:27:04,473:INFO:python_version: 3.10.13
2024-02-07 19:27:04,473:INFO:python_build: ('main', 'Sep 21 2023 11:04:08')
2024-02-07 19:27:04,473:INFO:machine: arm64
2024-02-07 19:27:04,493:INFO:platform: macOS-14.2.1-arm64-arm-64bit
2024-02-07 19:27:04,493:INFO:Memory: svmem(total=17179869184, available=5860786176, percent=65.9, used=7625211904, free=239124480, active=5632393216, inactive=5605228544, wired=1992818688)
2024-02-07 19:27:04,493:INFO:Physical Core: 8
2024-02-07 19:27:04,493:INFO:Logical Core: 8
2024-02-07 19:27:04,494:INFO:Checking libraries
2024-02-07 19:27:04,494:INFO:System:
2024-02-07 19:27:04,494:INFO:    python: 3.10.13 (main, Sep 21 2023, 11:04:08) [Clang 14.0.3 (clang-1403.0.22.14.1)]
2024-02-07 19:27:04,494:INFO:executable: /Users/aboud/Programming/ml-project/backend/.venv/bin/python
2024-02-07 19:27:04,494:INFO:   machine: macOS-14.2.1-arm64-arm-64bit
2024-02-07 19:27:04,494:INFO:PyCaret required dependencies:
2024-02-07 19:27:04,888:INFO:                 pip: 24.0
2024-02-07 19:27:04,888:INFO:          setuptools: 65.5.0
2024-02-07 19:27:04,888:INFO:             pycaret: 3.2.0
2024-02-07 19:27:04,888:INFO:             IPython: 8.18.1
2024-02-07 19:27:04,888:INFO:          ipywidgets: 8.1.1
2024-02-07 19:27:04,888:INFO:                tqdm: 4.66.1
2024-02-07 19:27:04,888:INFO:               numpy: 1.25.2
2024-02-07 19:27:04,888:INFO:              pandas: 1.5.3
2024-02-07 19:27:04,888:INFO:              jinja2: 3.1.2
2024-02-07 19:27:04,888:INFO:               scipy: 1.10.1
2024-02-07 19:27:04,888:INFO:              joblib: 1.3.2
2024-02-07 19:27:04,888:INFO:             sklearn: 1.2.2
2024-02-07 19:27:04,888:INFO:                pyod: 1.1.2
2024-02-07 19:27:04,888:INFO:            imblearn: 0.11.0
2024-02-07 19:27:04,888:INFO:   category_encoders: 2.6.3
2024-02-07 19:27:04,888:INFO:            lightgbm: 4.1.0
2024-02-07 19:27:04,888:INFO:               numba: 0.58.1
2024-02-07 19:27:04,888:INFO:            requests: 2.31.0
2024-02-07 19:27:04,888:INFO:          matplotlib: 3.6.0
2024-02-07 19:27:04,888:INFO:          scikitplot: 0.3.7
2024-02-07 19:27:04,888:INFO:         yellowbrick: 1.5
2024-02-07 19:27:04,888:INFO:              plotly: 5.18.0
2024-02-07 19:27:04,889:INFO:    plotly-resampler: Not installed
2024-02-07 19:27:04,889:INFO:             kaleido: 0.2.1
2024-02-07 19:27:04,889:INFO:           schemdraw: 0.15
2024-02-07 19:27:04,889:INFO:         statsmodels: 0.14.1
2024-02-07 19:27:04,889:INFO:              sktime: 0.21.1
2024-02-07 19:27:04,889:INFO:               tbats: 1.1.3
2024-02-07 19:27:04,889:INFO:            pmdarima: 2.0.4
2024-02-07 19:27:04,889:INFO:              psutil: 5.9.6
2024-02-07 19:27:04,889:INFO:          markupsafe: 2.1.3
2024-02-07 19:27:04,889:INFO:             pickle5: Not installed
2024-02-07 19:27:04,889:INFO:         cloudpickle: 3.0.0
2024-02-07 19:27:04,889:INFO:         deprecation: 2.1.0
2024-02-07 19:27:04,889:INFO:              xxhash: 3.4.1
2024-02-07 19:27:04,889:INFO:           wurlitzer: 3.0.3
2024-02-07 19:27:04,889:INFO:PyCaret optional dependencies:
2024-02-07 19:27:04,905:INFO:                shap: Not installed
2024-02-07 19:27:04,905:INFO:           interpret: Not installed
2024-02-07 19:27:04,905:INFO:                umap: Not installed
2024-02-07 19:27:04,905:INFO:     ydata_profiling: Not installed
2024-02-07 19:27:04,905:INFO:  explainerdashboard: Not installed
2024-02-07 19:27:04,905:INFO:             autoviz: Not installed
2024-02-07 19:27:04,905:INFO:           fairlearn: Not installed
2024-02-07 19:27:04,905:INFO:          deepchecks: Not installed
2024-02-07 19:27:04,905:INFO:             xgboost: Not installed
2024-02-07 19:27:04,905:INFO:            catboost: Not installed
2024-02-07 19:27:04,905:INFO:              kmodes: Not installed
2024-02-07 19:27:04,905:INFO:             mlxtend: Not installed
2024-02-07 19:27:04,905:INFO:       statsforecast: Not installed
2024-02-07 19:27:04,905:INFO:        tune_sklearn: Not installed
2024-02-07 19:27:04,905:INFO:                 ray: Not installed
2024-02-07 19:27:04,905:INFO:            hyperopt: Not installed
2024-02-07 19:27:04,905:INFO:              optuna: Not installed
2024-02-07 19:27:04,905:INFO:               skopt: Not installed
2024-02-07 19:27:04,905:INFO:              mlflow: Not installed
2024-02-07 19:27:04,905:INFO:              gradio: Not installed
2024-02-07 19:27:04,905:INFO:             fastapi: Not installed
2024-02-07 19:27:04,905:INFO:             uvicorn: Not installed
2024-02-07 19:27:04,905:INFO:              m2cgen: Not installed
2024-02-07 19:27:04,905:INFO:           evidently: Not installed
2024-02-07 19:27:04,905:INFO:               fugue: Not installed
2024-02-07 19:27:04,905:INFO:           streamlit: Not installed
2024-02-07 19:27:04,905:INFO:             prophet: Not installed
2024-02-07 19:27:04,905:INFO:None
2024-02-07 19:27:04,905:INFO:Set up data.
2024-02-08 15:26:59,378:WARNING:
'cuml' is a soft dependency and not included in the pycaret installation. Please run: `pip install cuml` to install.
2024-02-08 15:26:59,379:WARNING:
'cuml' is a soft dependency and not included in the pycaret installation. Please run: `pip install cuml` to install.
2024-02-08 15:26:59,379:WARNING:
'cuml' is a soft dependency and not included in the pycaret installation. Please run: `pip install cuml` to install.
2024-02-08 15:26:59,379:WARNING:
'cuml' is a soft dependency and not included in the pycaret installation. Please run: `pip install cuml` to install.
2024-02-08 15:27:00,847:WARNING:
'cuml' is a soft dependency and not included in the pycaret installation. Please run: `pip install cuml` to install.
2024-02-08 15:27:00,848:WARNING:
'cuml' is a soft dependency and not included in the pycaret installation. Please run: `pip install cuml` to install.
2024-02-08 15:27:00,848:WARNING:
'cuml' is a soft dependency and not included in the pycaret installation. Please run: `pip install cuml` to install.
2024-02-08 15:27:00,848:WARNING:
'cuml' is a soft dependency and not included in the pycaret installation. Please run: `pip install cuml` to install.
