2023-12-23 08:12:11,866:WARNING:
'cuml' is a soft dependency and not included in the pycaret installation. Please run: `pip install cuml` to install.
2023-12-23 08:12:11,866:WARNING:
'cuml' is a soft dependency and not included in the pycaret installation. Please run: `pip install cuml` to install.
2023-12-23 08:12:11,866:WARNING:
'cuml' is a soft dependency and not included in the pycaret installation. Please run: `pip install cuml` to install.
2023-12-23 08:12:11,866:WARNING:
'cuml' is a soft dependency and not included in the pycaret installation. Please run: `pip install cuml` to install.
2023-12-23 08:12:12,270:INFO:PyCaret RegressionExperiment
2023-12-23 08:12:12,270:INFO:Logging name: reg-default-name
2023-12-23 08:12:12,270:INFO:ML Usecase: MLUsecase.REGRESSION
2023-12-23 08:12:12,270:INFO:version 3.2.0
2023-12-23 08:12:12,271:INFO:Initializing setup()
2023-12-23 08:12:12,271:INFO:self.USI: 8571
2023-12-23 08:12:12,271:INFO:self._variable_keys: {'data', 'transform_target_param', 'log_plots_param', 'memory', '_ml_usecase', 'X_train', 'exp_name_log', 'y', '_available_plots', 'logging_param', 'fold_groups_param', 'gpu_n_jobs_param', 'USI', 'html_param', 'gpu_param', 'exp_id', 'target_param', 'fold_generator', 'X', 'X_test', 'idx', 'fold_shuffle_param', 'n_jobs_param', 'y_test', 'seed', 'pipeline', 'y_train'}
2023-12-23 08:12:12,271:INFO:Checking environment
2023-12-23 08:12:12,271:INFO:python_version: 3.10.13
2023-12-23 08:12:12,271:INFO:python_build: ('main', 'Sep 21 2023 11:04:08')
2023-12-23 08:12:12,271:INFO:machine: arm64
2023-12-23 08:12:12,271:INFO:platform: macOS-14.2-arm64-arm-64bit
2023-12-23 08:12:12,271:INFO:Memory: svmem(total=17179869184, available=6584483840, percent=61.7, used=8049721344, free=474578944, active=6169624576, inactive=6071107584, wired=1880096768)
2023-12-23 08:12:12,271:INFO:Physical Core: 8
2023-12-23 08:12:12,271:INFO:Logical Core: 8
2023-12-23 08:12:12,271:INFO:Checking libraries
2023-12-23 08:12:12,271:INFO:System:
2023-12-23 08:12:12,271:INFO:    python: 3.10.13 (main, Sep 21 2023, 11:04:08) [Clang 14.0.3 (clang-1403.0.22.14.1)]
2023-12-23 08:12:12,271:INFO:executable: /Users/aboud/.pyenv/versions/3.10.13/bin/python
2023-12-23 08:12:12,271:INFO:   machine: macOS-14.2-arm64-arm-64bit
2023-12-23 08:12:12,271:INFO:PyCaret required dependencies:
2023-12-23 08:12:12,850:INFO:                 pip: 23.3.1
2023-12-23 08:12:12,850:INFO:          setuptools: 65.5.0
2023-12-23 08:12:12,850:INFO:             pycaret: 3.2.0
2023-12-23 08:12:12,850:INFO:             IPython: 8.18.1
2023-12-23 08:12:12,850:INFO:          ipywidgets: 8.1.1
2023-12-23 08:12:12,850:INFO:                tqdm: 4.66.1
2023-12-23 08:12:12,850:INFO:               numpy: 1.25.2
2023-12-23 08:12:12,850:INFO:              pandas: 1.5.3
2023-12-23 08:12:12,850:INFO:              jinja2: 3.1.2
2023-12-23 08:12:12,850:INFO:               scipy: 1.10.1
2023-12-23 08:12:12,850:INFO:              joblib: 1.3.2
2023-12-23 08:12:12,850:INFO:             sklearn: 1.2.2
2023-12-23 08:12:12,850:INFO:                pyod: 1.1.2
2023-12-23 08:12:12,850:INFO:            imblearn: 0.11.0
2023-12-23 08:12:12,850:INFO:   category_encoders: 2.6.3
2023-12-23 08:12:12,850:INFO:            lightgbm: 4.1.0
2023-12-23 08:12:12,850:INFO:               numba: 0.58.1
2023-12-23 08:12:12,850:INFO:            requests: 2.31.0
2023-12-23 08:12:12,850:INFO:          matplotlib: 3.6.0
2023-12-23 08:12:12,850:INFO:          scikitplot: 0.3.7
2023-12-23 08:12:12,850:INFO:         yellowbrick: 1.5
2023-12-23 08:12:12,850:INFO:              plotly: 5.18.0
2023-12-23 08:12:12,850:INFO:    plotly-resampler: Not installed
2023-12-23 08:12:12,850:INFO:             kaleido: 0.2.1
2023-12-23 08:12:12,850:INFO:           schemdraw: 0.15
2023-12-23 08:12:12,850:INFO:         statsmodels: 0.14.1
2023-12-23 08:12:12,850:INFO:              sktime: 0.21.1
2023-12-23 08:12:12,850:INFO:               tbats: 1.1.3
2023-12-23 08:12:12,850:INFO:            pmdarima: 2.0.4
2023-12-23 08:12:12,851:INFO:              psutil: 5.9.6
2023-12-23 08:12:12,851:INFO:          markupsafe: 2.1.3
2023-12-23 08:12:12,851:INFO:             pickle5: Not installed
2023-12-23 08:12:12,851:INFO:         cloudpickle: 3.0.0
2023-12-23 08:12:12,851:INFO:         deprecation: 2.1.0
2023-12-23 08:12:12,851:INFO:              xxhash: 3.4.1
2023-12-23 08:12:12,851:INFO:           wurlitzer: 3.0.3
2023-12-23 08:12:12,851:INFO:PyCaret optional dependencies:
2023-12-23 08:12:12,861:INFO:                shap: Not installed
2023-12-23 08:12:12,861:INFO:           interpret: Not installed
2023-12-23 08:12:12,861:INFO:                umap: Not installed
2023-12-23 08:12:12,861:INFO:     ydata_profiling: Not installed
2023-12-23 08:12:12,861:INFO:  explainerdashboard: Not installed
2023-12-23 08:12:12,861:INFO:             autoviz: Not installed
2023-12-23 08:12:12,861:INFO:           fairlearn: Not installed
2023-12-23 08:12:12,861:INFO:          deepchecks: Not installed
2023-12-23 08:12:12,861:INFO:             xgboost: Not installed
2023-12-23 08:12:12,861:INFO:            catboost: Not installed
2023-12-23 08:12:12,861:INFO:              kmodes: Not installed
2023-12-23 08:12:12,861:INFO:             mlxtend: Not installed
2023-12-23 08:12:12,861:INFO:       statsforecast: Not installed
2023-12-23 08:12:12,861:INFO:        tune_sklearn: Not installed
2023-12-23 08:12:12,861:INFO:                 ray: Not installed
2023-12-23 08:12:12,861:INFO:            hyperopt: Not installed
2023-12-23 08:12:12,861:INFO:              optuna: Not installed
2023-12-23 08:12:12,861:INFO:               skopt: Not installed
2023-12-23 08:12:12,861:INFO:              mlflow: Not installed
2023-12-23 08:12:12,861:INFO:              gradio: Not installed
2023-12-23 08:12:12,861:INFO:             fastapi: Not installed
2023-12-23 08:12:12,861:INFO:             uvicorn: Not installed
2023-12-23 08:12:12,861:INFO:              m2cgen: Not installed
2023-12-23 08:12:12,861:INFO:           evidently: Not installed
2023-12-23 08:12:12,861:INFO:               fugue: Not installed
2023-12-23 08:12:12,861:INFO:           streamlit: Not installed
2023-12-23 08:12:12,861:INFO:             prophet: Not installed
2023-12-23 08:12:12,861:INFO:None
2023-12-23 08:12:12,861:INFO:Set up data.
2023-12-23 08:12:45,328:INFO:PyCaret RegressionExperiment
2023-12-23 08:12:45,328:INFO:Logging name: reg-default-name
2023-12-23 08:12:45,328:INFO:ML Usecase: MLUsecase.REGRESSION
2023-12-23 08:12:45,328:INFO:version 3.2.0
2023-12-23 08:12:45,328:INFO:Initializing setup()
2023-12-23 08:12:45,328:INFO:self.USI: ddeb
2023-12-23 08:12:45,328:INFO:self._variable_keys: {'data', 'transform_target_param', 'log_plots_param', 'memory', '_ml_usecase', 'X_train', 'exp_name_log', 'y', '_available_plots', 'logging_param', 'fold_groups_param', 'gpu_n_jobs_param', 'USI', 'html_param', 'gpu_param', 'exp_id', 'target_param', 'fold_generator', 'X', 'X_test', 'idx', 'fold_shuffle_param', 'n_jobs_param', 'y_test', 'seed', 'pipeline', 'y_train'}
2023-12-23 08:12:45,328:INFO:Checking environment
2023-12-23 08:12:45,328:INFO:python_version: 3.10.13
2023-12-23 08:12:45,328:INFO:python_build: ('main', 'Sep 21 2023 11:04:08')
2023-12-23 08:12:45,328:INFO:machine: arm64
2023-12-23 08:12:45,328:INFO:platform: macOS-14.2-arm64-arm-64bit
2023-12-23 08:12:45,328:INFO:Memory: svmem(total=17179869184, available=6511968256, percent=62.1, used=8125202432, free=360742912, active=6172491776, inactive=6109724672, wired=1952710656)
2023-12-23 08:12:45,328:INFO:Physical Core: 8
2023-12-23 08:12:45,329:INFO:Logical Core: 8
2023-12-23 08:12:45,329:INFO:Checking libraries
2023-12-23 08:12:45,329:INFO:System:
2023-12-23 08:12:45,329:INFO:    python: 3.10.13 (main, Sep 21 2023, 11:04:08) [Clang 14.0.3 (clang-1403.0.22.14.1)]
2023-12-23 08:12:45,329:INFO:executable: /Users/aboud/.pyenv/versions/3.10.13/bin/python
2023-12-23 08:12:45,329:INFO:   machine: macOS-14.2-arm64-arm-64bit
2023-12-23 08:12:45,329:INFO:PyCaret required dependencies:
2023-12-23 08:12:45,329:INFO:                 pip: 23.3.1
2023-12-23 08:12:45,329:INFO:          setuptools: 65.5.0
2023-12-23 08:12:45,329:INFO:             pycaret: 3.2.0
2023-12-23 08:12:45,329:INFO:             IPython: 8.18.1
2023-12-23 08:12:45,329:INFO:          ipywidgets: 8.1.1
2023-12-23 08:12:45,329:INFO:                tqdm: 4.66.1
2023-12-23 08:12:45,329:INFO:               numpy: 1.25.2
2023-12-23 08:12:45,329:INFO:              pandas: 1.5.3
2023-12-23 08:12:45,329:INFO:              jinja2: 3.1.2
2023-12-23 08:12:45,329:INFO:               scipy: 1.10.1
2023-12-23 08:12:45,329:INFO:              joblib: 1.3.2
2023-12-23 08:12:45,329:INFO:             sklearn: 1.2.2
2023-12-23 08:12:45,329:INFO:                pyod: 1.1.2
2023-12-23 08:12:45,329:INFO:            imblearn: 0.11.0
2023-12-23 08:12:45,329:INFO:   category_encoders: 2.6.3
2023-12-23 08:12:45,329:INFO:            lightgbm: 4.1.0
2023-12-23 08:12:45,329:INFO:               numba: 0.58.1
2023-12-23 08:12:45,329:INFO:            requests: 2.31.0
2023-12-23 08:12:45,329:INFO:          matplotlib: 3.6.0
2023-12-23 08:12:45,329:INFO:          scikitplot: 0.3.7
2023-12-23 08:12:45,329:INFO:         yellowbrick: 1.5
2023-12-23 08:12:45,329:INFO:              plotly: 5.18.0
2023-12-23 08:12:45,329:INFO:    plotly-resampler: Not installed
2023-12-23 08:12:45,329:INFO:             kaleido: 0.2.1
2023-12-23 08:12:45,329:INFO:           schemdraw: 0.15
2023-12-23 08:12:45,329:INFO:         statsmodels: 0.14.1
2023-12-23 08:12:45,329:INFO:              sktime: 0.21.1
2023-12-23 08:12:45,329:INFO:               tbats: 1.1.3
2023-12-23 08:12:45,330:INFO:            pmdarima: 2.0.4
2023-12-23 08:12:45,330:INFO:              psutil: 5.9.6
2023-12-23 08:12:45,330:INFO:          markupsafe: 2.1.3
2023-12-23 08:12:45,330:INFO:             pickle5: Not installed
2023-12-23 08:12:45,330:INFO:         cloudpickle: 3.0.0
2023-12-23 08:12:45,330:INFO:         deprecation: 2.1.0
2023-12-23 08:12:45,330:INFO:              xxhash: 3.4.1
2023-12-23 08:12:45,330:INFO:           wurlitzer: 3.0.3
2023-12-23 08:12:45,330:INFO:PyCaret optional dependencies:
2023-12-23 08:12:45,330:INFO:                shap: Not installed
2023-12-23 08:12:45,330:INFO:           interpret: Not installed
2023-12-23 08:12:45,330:INFO:                umap: Not installed
2023-12-23 08:12:45,330:INFO:     ydata_profiling: Not installed
2023-12-23 08:12:45,330:INFO:  explainerdashboard: Not installed
2023-12-23 08:12:45,330:INFO:             autoviz: Not installed
2023-12-23 08:12:45,330:INFO:           fairlearn: Not installed
2023-12-23 08:12:45,330:INFO:          deepchecks: Not installed
2023-12-23 08:12:45,330:INFO:             xgboost: Not installed
2023-12-23 08:12:45,330:INFO:            catboost: Not installed
2023-12-23 08:12:45,330:INFO:              kmodes: Not installed
2023-12-23 08:12:45,330:INFO:             mlxtend: Not installed
2023-12-23 08:12:45,330:INFO:       statsforecast: Not installed
2023-12-23 08:12:45,330:INFO:        tune_sklearn: Not installed
2023-12-23 08:12:45,330:INFO:                 ray: Not installed
2023-12-23 08:12:45,330:INFO:            hyperopt: Not installed
2023-12-23 08:12:45,330:INFO:              optuna: Not installed
2023-12-23 08:12:45,330:INFO:               skopt: Not installed
2023-12-23 08:12:45,330:INFO:              mlflow: Not installed
2023-12-23 08:12:45,330:INFO:              gradio: Not installed
2023-12-23 08:12:45,330:INFO:             fastapi: Not installed
2023-12-23 08:12:45,330:INFO:             uvicorn: Not installed
2023-12-23 08:12:45,330:INFO:              m2cgen: Not installed
2023-12-23 08:12:45,330:INFO:           evidently: Not installed
2023-12-23 08:12:45,330:INFO:               fugue: Not installed
2023-12-23 08:12:45,331:INFO:           streamlit: Not installed
2023-12-23 08:12:45,331:INFO:             prophet: Not installed
2023-12-23 08:12:45,331:INFO:None
2023-12-23 08:12:45,331:INFO:Set up data.
2023-12-23 08:13:08,510:INFO:PyCaret RegressionExperiment
2023-12-23 08:13:08,510:INFO:Logging name: reg-default-name
2023-12-23 08:13:08,510:INFO:ML Usecase: MLUsecase.REGRESSION
2023-12-23 08:13:08,510:INFO:version 3.2.0
2023-12-23 08:13:08,510:INFO:Initializing setup()
2023-12-23 08:13:08,510:INFO:self.USI: 5676
2023-12-23 08:13:08,510:INFO:self._variable_keys: {'data', 'transform_target_param', 'log_plots_param', 'memory', '_ml_usecase', 'X_train', 'exp_name_log', 'y', '_available_plots', 'logging_param', 'fold_groups_param', 'gpu_n_jobs_param', 'USI', 'html_param', 'gpu_param', 'exp_id', 'target_param', 'fold_generator', 'X', 'X_test', 'idx', 'fold_shuffle_param', 'n_jobs_param', 'y_test', 'seed', 'pipeline', 'y_train'}
2023-12-23 08:13:08,510:INFO:Checking environment
2023-12-23 08:13:08,510:INFO:python_version: 3.10.13
2023-12-23 08:13:08,510:INFO:python_build: ('main', 'Sep 21 2023 11:04:08')
2023-12-23 08:13:08,510:INFO:machine: arm64
2023-12-23 08:13:08,510:INFO:platform: macOS-14.2-arm64-arm-64bit
2023-12-23 08:13:08,510:INFO:Memory: svmem(total=17179869184, available=6442156032, percent=62.5, used=8209399808, free=299220992, active=6152552448, inactive=6141542400, wired=2056847360)
2023-12-23 08:13:08,510:INFO:Physical Core: 8
2023-12-23 08:13:08,510:INFO:Logical Core: 8
2023-12-23 08:13:08,511:INFO:Checking libraries
2023-12-23 08:13:08,511:INFO:System:
2023-12-23 08:13:08,511:INFO:    python: 3.10.13 (main, Sep 21 2023, 11:04:08) [Clang 14.0.3 (clang-1403.0.22.14.1)]
2023-12-23 08:13:08,511:INFO:executable: /Users/aboud/.pyenv/versions/3.10.13/bin/python
2023-12-23 08:13:08,511:INFO:   machine: macOS-14.2-arm64-arm-64bit
2023-12-23 08:13:08,511:INFO:PyCaret required dependencies:
2023-12-23 08:13:08,511:INFO:                 pip: 23.3.1
2023-12-23 08:13:08,511:INFO:          setuptools: 65.5.0
2023-12-23 08:13:08,511:INFO:             pycaret: 3.2.0
2023-12-23 08:13:08,511:INFO:             IPython: 8.18.1
2023-12-23 08:13:08,511:INFO:          ipywidgets: 8.1.1
2023-12-23 08:13:08,511:INFO:                tqdm: 4.66.1
2023-12-23 08:13:08,511:INFO:               numpy: 1.25.2
2023-12-23 08:13:08,511:INFO:              pandas: 1.5.3
2023-12-23 08:13:08,511:INFO:              jinja2: 3.1.2
2023-12-23 08:13:08,511:INFO:               scipy: 1.10.1
2023-12-23 08:13:08,511:INFO:              joblib: 1.3.2
2023-12-23 08:13:08,511:INFO:             sklearn: 1.2.2
2023-12-23 08:13:08,511:INFO:                pyod: 1.1.2
2023-12-23 08:13:08,511:INFO:            imblearn: 0.11.0
2023-12-23 08:13:08,511:INFO:   category_encoders: 2.6.3
2023-12-23 08:13:08,511:INFO:            lightgbm: 4.1.0
2023-12-23 08:13:08,511:INFO:               numba: 0.58.1
2023-12-23 08:13:08,511:INFO:            requests: 2.31.0
2023-12-23 08:13:08,511:INFO:          matplotlib: 3.6.0
2023-12-23 08:13:08,511:INFO:          scikitplot: 0.3.7
2023-12-23 08:13:08,511:INFO:         yellowbrick: 1.5
2023-12-23 08:13:08,511:INFO:              plotly: 5.18.0
2023-12-23 08:13:08,511:INFO:    plotly-resampler: Not installed
2023-12-23 08:13:08,511:INFO:             kaleido: 0.2.1
2023-12-23 08:13:08,511:INFO:           schemdraw: 0.15
2023-12-23 08:13:08,511:INFO:         statsmodels: 0.14.1
2023-12-23 08:13:08,511:INFO:              sktime: 0.21.1
2023-12-23 08:13:08,511:INFO:               tbats: 1.1.3
2023-12-23 08:13:08,511:INFO:            pmdarima: 2.0.4
2023-12-23 08:13:08,511:INFO:              psutil: 5.9.6
2023-12-23 08:13:08,511:INFO:          markupsafe: 2.1.3
2023-12-23 08:13:08,511:INFO:             pickle5: Not installed
2023-12-23 08:13:08,511:INFO:         cloudpickle: 3.0.0
2023-12-23 08:13:08,511:INFO:         deprecation: 2.1.0
2023-12-23 08:13:08,511:INFO:              xxhash: 3.4.1
2023-12-23 08:13:08,511:INFO:           wurlitzer: 3.0.3
2023-12-23 08:13:08,511:INFO:PyCaret optional dependencies:
2023-12-23 08:13:08,511:INFO:                shap: Not installed
2023-12-23 08:13:08,511:INFO:           interpret: Not installed
2023-12-23 08:13:08,511:INFO:                umap: Not installed
2023-12-23 08:13:08,511:INFO:     ydata_profiling: Not installed
2023-12-23 08:13:08,511:INFO:  explainerdashboard: Not installed
2023-12-23 08:13:08,511:INFO:             autoviz: Not installed
2023-12-23 08:13:08,511:INFO:           fairlearn: Not installed
2023-12-23 08:13:08,512:INFO:          deepchecks: Not installed
2023-12-23 08:13:08,512:INFO:             xgboost: Not installed
2023-12-23 08:13:08,512:INFO:            catboost: Not installed
2023-12-23 08:13:08,512:INFO:              kmodes: Not installed
2023-12-23 08:13:08,512:INFO:             mlxtend: Not installed
2023-12-23 08:13:08,512:INFO:       statsforecast: Not installed
2023-12-23 08:13:08,512:INFO:        tune_sklearn: Not installed
2023-12-23 08:13:08,512:INFO:                 ray: Not installed
2023-12-23 08:13:08,512:INFO:            hyperopt: Not installed
2023-12-23 08:13:08,512:INFO:              optuna: Not installed
2023-12-23 08:13:08,512:INFO:               skopt: Not installed
2023-12-23 08:13:08,512:INFO:              mlflow: Not installed
2023-12-23 08:13:08,512:INFO:              gradio: Not installed
2023-12-23 08:13:08,512:INFO:             fastapi: Not installed
2023-12-23 08:13:08,512:INFO:             uvicorn: Not installed
2023-12-23 08:13:08,512:INFO:              m2cgen: Not installed
2023-12-23 08:13:08,512:INFO:           evidently: Not installed
2023-12-23 08:13:08,512:INFO:               fugue: Not installed
2023-12-23 08:13:08,512:INFO:           streamlit: Not installed
2023-12-23 08:13:08,512:INFO:             prophet: Not installed
2023-12-23 08:13:08,512:INFO:None
2023-12-23 08:13:08,512:INFO:Set up data.
2023-12-23 08:55:26,837:INFO:PyCaret RegressionExperiment
2023-12-23 08:55:26,837:INFO:Logging name: reg-default-name
2023-12-23 08:55:26,837:INFO:ML Usecase: MLUsecase.REGRESSION
2023-12-23 08:55:26,837:INFO:version 3.2.0
2023-12-23 08:55:26,837:INFO:Initializing setup()
2023-12-23 08:55:26,837:INFO:self.USI: c5f7
2023-12-23 08:55:26,837:INFO:self._variable_keys: {'data', 'transform_target_param', 'log_plots_param', 'memory', '_ml_usecase', 'X_train', 'exp_name_log', 'y', '_available_plots', 'logging_param', 'fold_groups_param', 'gpu_n_jobs_param', 'USI', 'html_param', 'gpu_param', 'exp_id', 'target_param', 'fold_generator', 'X', 'X_test', 'idx', 'fold_shuffle_param', 'n_jobs_param', 'y_test', 'seed', 'pipeline', 'y_train'}
2023-12-23 08:55:26,838:INFO:Checking environment
2023-12-23 08:55:26,838:INFO:python_version: 3.10.13
2023-12-23 08:55:26,838:INFO:python_build: ('main', 'Sep 21 2023 11:04:08')
2023-12-23 08:55:26,838:INFO:machine: arm64
2023-12-23 08:55:26,838:INFO:platform: macOS-14.2-arm64-arm-64bit
2023-12-23 08:55:26,838:INFO:Memory: svmem(total=17179869184, available=6856671232, percent=60.1, used=8024719360, free=813039616, active=6059589632, inactive=6016778240, wired=1965129728)
2023-12-23 08:55:26,838:INFO:Physical Core: 8
2023-12-23 08:55:26,838:INFO:Logical Core: 8
2023-12-23 08:55:26,838:INFO:Checking libraries
2023-12-23 08:55:26,838:INFO:System:
2023-12-23 08:55:26,838:INFO:    python: 3.10.13 (main, Sep 21 2023, 11:04:08) [Clang 14.0.3 (clang-1403.0.22.14.1)]
2023-12-23 08:55:26,838:INFO:executable: /Users/aboud/.pyenv/versions/3.10.13/bin/python
2023-12-23 08:55:26,838:INFO:   machine: macOS-14.2-arm64-arm-64bit
2023-12-23 08:55:26,838:INFO:PyCaret required dependencies:
2023-12-23 08:55:26,838:INFO:                 pip: 23.3.1
2023-12-23 08:55:26,838:INFO:          setuptools: 65.5.0
2023-12-23 08:55:26,838:INFO:             pycaret: 3.2.0
2023-12-23 08:55:26,838:INFO:             IPython: 8.18.1
2023-12-23 08:55:26,838:INFO:          ipywidgets: 8.1.1
2023-12-23 08:55:26,838:INFO:                tqdm: 4.66.1
2023-12-23 08:55:26,838:INFO:               numpy: 1.25.2
2023-12-23 08:55:26,838:INFO:              pandas: 1.5.3
2023-12-23 08:55:26,838:INFO:              jinja2: 3.1.2
2023-12-23 08:55:26,838:INFO:               scipy: 1.10.1
2023-12-23 08:55:26,838:INFO:              joblib: 1.3.2
2023-12-23 08:55:26,838:INFO:             sklearn: 1.2.2
2023-12-23 08:55:26,838:INFO:                pyod: 1.1.2
2023-12-23 08:55:26,838:INFO:            imblearn: 0.11.0
2023-12-23 08:55:26,839:INFO:   category_encoders: 2.6.3
2023-12-23 08:55:26,839:INFO:            lightgbm: 4.1.0
2023-12-23 08:55:26,839:INFO:               numba: 0.58.1
2023-12-23 08:55:26,839:INFO:            requests: 2.31.0
2023-12-23 08:55:26,839:INFO:          matplotlib: 3.6.0
2023-12-23 08:55:26,839:INFO:          scikitplot: 0.3.7
2023-12-23 08:55:26,839:INFO:         yellowbrick: 1.5
2023-12-23 08:55:26,839:INFO:              plotly: 5.18.0
2023-12-23 08:55:26,839:INFO:    plotly-resampler: Not installed
2023-12-23 08:55:26,839:INFO:             kaleido: 0.2.1
2023-12-23 08:55:26,839:INFO:           schemdraw: 0.15
2023-12-23 08:55:26,839:INFO:         statsmodels: 0.14.1
2023-12-23 08:55:26,839:INFO:              sktime: 0.21.1
2023-12-23 08:55:26,839:INFO:               tbats: 1.1.3
2023-12-23 08:55:26,839:INFO:            pmdarima: 2.0.4
2023-12-23 08:55:26,839:INFO:              psutil: 5.9.6
2023-12-23 08:55:26,839:INFO:          markupsafe: 2.1.3
2023-12-23 08:55:26,839:INFO:             pickle5: Not installed
2023-12-23 08:55:26,839:INFO:         cloudpickle: 3.0.0
2023-12-23 08:55:26,839:INFO:         deprecation: 2.1.0
2023-12-23 08:55:26,839:INFO:              xxhash: 3.4.1
2023-12-23 08:55:26,839:INFO:           wurlitzer: 3.0.3
2023-12-23 08:55:26,839:INFO:PyCaret optional dependencies:
2023-12-23 08:55:26,839:INFO:                shap: Not installed
2023-12-23 08:55:26,839:INFO:           interpret: Not installed
2023-12-23 08:55:26,839:INFO:                umap: Not installed
2023-12-23 08:55:26,839:INFO:     ydata_profiling: Not installed
2023-12-23 08:55:26,839:INFO:  explainerdashboard: Not installed
2023-12-23 08:55:26,839:INFO:             autoviz: Not installed
2023-12-23 08:55:26,839:INFO:           fairlearn: Not installed
2023-12-23 08:55:26,839:INFO:          deepchecks: Not installed
2023-12-23 08:55:26,840:INFO:             xgboost: Not installed
2023-12-23 08:55:26,840:INFO:            catboost: Not installed
2023-12-23 08:55:26,840:INFO:              kmodes: Not installed
2023-12-23 08:55:26,840:INFO:             mlxtend: Not installed
2023-12-23 08:55:26,840:INFO:       statsforecast: Not installed
2023-12-23 08:55:26,840:INFO:        tune_sklearn: Not installed
2023-12-23 08:55:26,840:INFO:                 ray: Not installed
2023-12-23 08:55:26,840:INFO:            hyperopt: Not installed
2023-12-23 08:55:26,840:INFO:              optuna: Not installed
2023-12-23 08:55:26,840:INFO:               skopt: Not installed
2023-12-23 08:55:26,840:INFO:              mlflow: Not installed
2023-12-23 08:55:26,840:INFO:              gradio: Not installed
2023-12-23 08:55:26,840:INFO:             fastapi: Not installed
2023-12-23 08:55:26,840:INFO:             uvicorn: Not installed
2023-12-23 08:55:26,840:INFO:              m2cgen: Not installed
2023-12-23 08:55:26,840:INFO:           evidently: Not installed
2023-12-23 08:55:26,840:INFO:               fugue: Not installed
2023-12-23 08:55:26,840:INFO:           streamlit: Not installed
2023-12-23 08:55:26,840:INFO:             prophet: Not installed
2023-12-23 08:55:26,840:INFO:None
2023-12-23 08:55:26,840:INFO:Set up data.
